<?xml version="1.0" encoding="UTF-8"?>
<!-- Generated by org.testng.reporters.JUnitReportReporter -->
<testsuite hostname="sumanth-HP-15-Notebook-PC" failures="0" tests="1" name="seleniumpom.pom.tests.VideoResultsTest" time="24.803" errors="0" timestamp="2023-02-24T15:02:19 IST" skipped="0">
  <testcase classname="seleniumpom.pom.tests.VideoResultsTest" name="searchResultTestUsingMapData" time="24.803"/>
  <system-out/>
</testsuite> <!-- seleniumpom.pom.tests.VideoResultsTest -->
