<?xml version="1.0" encoding="UTF-8"?>
<!-- Generated by org.testng.reporters.JUnitReportReporter -->
<testsuite hostname="sumanth-HP-15-Notebook-PC" failures="0" tests="4" name="seleniumpom.pom.tests.Parallel" time="161.709" errors="0" timestamp="2023-02-22T14:58:38 IST" skipped="0">
  <testcase classname="seleniumpom.pom.tests.Parallel" name="test4" time="39.358"/>
  <system-out/>
  <testcase classname="seleniumpom.pom.tests.Parallel" name="test1" time="42.970"/>
  <system-out/>
  <testcase classname="seleniumpom.pom.tests.Parallel" name="test3" time="38.154"/>
  <system-out/>
  <testcase classname="seleniumpom.pom.tests.Parallel" name="test2" time="41.227"/>
  <system-out/>
</testsuite> <!-- seleniumpom.pom.tests.Parallel -->
