<?xml version="1.0" encoding="UTF-8"?>
<!-- Generated by org.testng.reporters.JUnitReportReporter -->
<testsuite hostname="sumanth-HP-15-Notebook-PC" failures="0" tests="1" name="seleniumpom.pom.SampleTest" time="17.054" errors="0" timestamp="2023-02-20T14:25:53 IST" skipped="0">
  <testcase classname="seleniumpom.pom.SampleTest" name="test1" time="17.054"/>
  <system-out/>
</testsuite> <!-- seleniumpom.pom.SampleTest -->
